# JRE version: Java(TM) SE Runtime Environment (8.0_111-b14) (build 1.8.0_111-b14)
# Java VM: Java HotSpot(TM) 64-Bit Server VM (25.111-b14 mixed mode windows-amd64 compressed oops)
Heap:
 PSYoungGen      total 135168K, used 28124K [0x00000000d7380000, 0x00000000e0b00000, 0x0000000100000000)
  eden space 124928K, 22% used [0x00000000d7380000,0x00000000d8ef71a0,0x00000000ded80000)
  from space 10240K, 0% used [0x00000000ded80000,0x00000000ded80000,0x00000000df780000)
  to   space 10752K, 0% used [0x00000000e0080000,0x00000000e0080000,0x00000000e0b00000)
 ParOldGen       total 95744K, used 18400K [0x0000000085a00000, 0x000000008b780000, 0x00000000d7380000)
  object space 95744K, 19% used [0x0000000085a00000,0x0000000086bf8248,0x000000008b780000)
 Metaspace       used 34837K, capacity 36118K, committed 36312K, reserved 1081344K
  class space    used 4360K, capacity 4639K, committed 4736K, reserved 1048576K
GC Heap History (10 events):
Event: 3.215 GC heap before
{Heap before GC invocations=5 (full 0):
 PSYoungGen      total 68608K, used 54403K [0x00000000d7380000, 0x00000000dbb80000, 0x0000000100000000)
  eden space 63488K, 77% used [0x00000000d7380000,0x00000000da3a4f58,0x00000000db180000)
  from space 5120K, 99% used [0x00000000db680000,0x00000000dbb7c010,0x00000000dbb80000)
  to   space 5120K, 0% used [0x00000000db180000,0x00000000db180000,0x00000000db680000)
 ParOldGen       total 84992K, used 9482K [0x0000000085a00000, 0x000000008ad00000, 0x00000000d7380000)
  object space 84992K, 11% used [0x0000000085a00000,0x0000000086342888,0x000000008ad00000)
 Metaspace       used 20426K, capacity 21162K, committed 21248K, reserved 1067008K
  class space    used 2604K, capacity 2777K, committed 2816K, reserved 1048576K
Event: 3.248 GC heap after
Heap after GC invocations=5 (full 0):
 PSYoungGen      total 68608K, used 5088K [0x00000000d7380000, 0x00000000e0280000, 0x0000000100000000)
  eden space 63488K, 0% used [0x00000000d7380000,0x00000000d7380000,0x00000000db180000)
  from space 5120K, 99% used [0x00000000db180000,0x00000000db678020,0x00000000db680000)
  to   space 9728K, 0% used [0x00000000df900000,0x00000000df900000,0x00000000e0280000)
 ParOldGen       total 84992K, used 12566K [0x0000000085a00000, 0x000000008ad00000, 0x00000000d7380000)
  object space 84992K, 14% used [0x0000000085a00000,0x0000000086645aa8,0x000000008ad00000)
 Metaspace       used 20426K, capacity 21162K, committed 21248K, reserved 1067008K
  class space    used 2604K, capacity 2777K, committed 2816K, reserved 1048576K
}
Event: 3.248 GC heap before
{Heap before GC invocations=6 (full 1):
 PSYoungGen      total 68608K, used 5088K [0x00000000d7380000, 0x00000000e0280000, 0x0000000100000000)
  eden space 63488K, 0% used [0x00000000d7380000,0x00000000d7380000,0x00000000db180000)
  from space 5120K, 99% used [0x00000000db180000,0x00000000db678020,0x00000000db680000)
  to   space 9728K, 0% used [0x00000000df900000,0x00000000df900000,0x00000000e0280000)
 ParOldGen       total 84992K, used 12566K [0x0000000085a00000, 0x000000008ad00000, 0x00000000d7380000)
  object space 84992K, 14% used [0x0000000085a00000,0x0000000086645aa8,0x000000008ad00000)
 Metaspace       used 20426K, capacity 21162K, committed 21248K, reserved 1067008K
  class space    used 2604K, capacity 2777K, committed 2816K, reserved 1048576K
Event: 3.339 GC heap after
Heap after GC invocations=6 (full 1):
 PSYoungGen      total 68608K, used 0K [0x00000000d7380000, 0x00000000e0280000, 0x0000000100000000)
  eden space 63488K, 0% used [0x00000000d7380000,0x00000000d7380000,0x00000000db180000)
  from space 5120K, 0% used [0x00000000db180000,0x00000000db180000,0x00000000db680000)
  to   space 9728K, 0% used [0x00000000df900000,0x00000000df900000,0x00000000e0280000)
 ParOldGen       total 64000K, used 11979K [0x0000000085a00000, 0x0000000089880000, 0x00000000d7380000)
  object space 64000K, 18% used [0x0000000085a00000,0x00000000865b2c28,0x0000000089880000)
 Metaspace       used 20426K, capacity 21162K, committed 21248K, reserved 1067008K
  class space    used 2604K, capacity 2777K, committed 2816K, reserved 1048576K
}
Event: 4.834 GC heap before
{Heap before GC invocations=7 (full 1):
 PSYoungGen      total 68608K, used 63488K [0x00000000d7380000, 0x00000000e0280000, 0x0000000100000000)
  eden space 63488K, 100% used [0x00000000d7380000,0x00000000db180000,0x00000000db180000)
  from space 5120K, 0% used [0x00000000db180000,0x00000000db180000,0x00000000db680000)
  to   space 9728K, 0% used [0x00000000df900000,0x00000000df900000,0x00000000e0280000)
 ParOldGen       total 64000K, used 11979K [0x0000000085a00000, 0x0000000089880000, 0x00000000d7380000)
  object space 64000K, 18% used [0x0000000085a00000,0x00000000865b2c28,0x0000000089880000)
 Metaspace       used 27693K, capacity 28644K, committed 28800K, reserved 1075200K
  class space    used 3468K, capacity 3666K, committed 3712K, reserved 1048576K
Event: 4.849 GC heap after
Heap after GC invocations=7 (full 1):
 PSYoungGen      total 102912K, used 8329K [0x00000000d7380000, 0x00000000e0180000, 0x0000000100000000)
  eden space 94208K, 0% used [0x00000000d7380000,0x00000000d7380000,0x00000000dcf80000)
  from space 8704K, 95% used [0x00000000df900000,0x00000000e0122448,0x00000000e0180000)
  to   space 10240K, 0% used [0x00000000ded80000,0x00000000ded80000,0x00000000df780000)
 ParOldGen       total 64000K, used 11987K [0x0000000085a00000, 0x0000000089880000, 0x00000000d7380000)
  object space 64000K, 18% used [0x0000000085a00000,0x00000000865b4c28,0x0000000089880000)
 Metaspace       used 27693K, capacity 28644K, committed 28800K, reserved 1075200K
  class space    used 3468K, capacity 3666K, committed 3712K, reserved 1048576K
}
Event: 9.826 GC heap before
{Heap before GC invocations=8 (full 1):
 PSYoungGen      total 102912K, used 64621K [0x00000000d7380000, 0x00000000e0180000, 0x0000000100000000)
  eden space 94208K, 59% used [0x00000000d7380000,0x00000000daa79238,0x00000000dcf80000)
  from space 8704K, 95% used [0x00000000df900000,0x00000000e0122448,0x00000000e0180000)
  to   space 10240K, 0% used [0x00000000ded80000,0x00000000ded80000,0x00000000df780000)
 ParOldGen       total 64000K, used 11987K [0x0000000085a00000, 0x0000000089880000, 0x00000000d7380000)
  object space 64000K, 18% used [0x0000000085a00000,0x00000000865b4c28,0x0000000089880000)
 Metaspace       used 34173K, capacity 35368K, committed 35416K, reserved 1081344K
  class space    used 4318K, capacity 4590K, committed 4608K, reserved 1048576K
Event: 9.842 GC heap after
Heap after GC invocations=8 (full 1):
 PSYoungGen      total 135168K, used 9618K [0x00000000d7380000, 0x00000000e0b00000, 0x0000000100000000)
  eden space 124928K, 0% used [0x00000000d7380000,0x00000000d7380000,0x00000000ded80000)
  from space 10240K, 93% used [0x00000000ded80000,0x00000000df6e48f0,0x00000000df780000)
  to   space 10752K, 0% used [0x00000000e0080000,0x00000000e0080000,0x00000000e0b00000)
 ParOldGen       total 64000K, used 11995K [0x0000000085a00000, 0x0000000089880000, 0x00000000d7380000)
  object space 64000K, 18% used [0x0000000085a00000,0x00000000865b6c28,0x0000000089880000)
 Metaspace       used 34173K, capacity 35368K, committed 35416K, reserved 1081344K
  class space    used 4318K, capacity 4590K, committed 4608K, reserved 1048576K
}
Event: 9.842 GC heap before
{Heap before GC invocations=9 (full 2):
 PSYoungGen      total 135168K, used 9618K [0x00000000d7380000, 0x00000000e0b00000, 0x0000000100000000)
  eden space 124928K, 0% used [0x00000000d7380000,0x00000000d7380000,0x00000000ded80000)
  from space 10240K, 93% used [0x00000000ded80000,0x00000000df6e48f0,0x00000000df780000)
  to   space 10752K, 0% used [0x00000000e0080000,0x00000000e0080000,0x00000000e0b00000)
 ParOldGen       total 64000K, used 11995K [0x0000000085a00000, 0x0000000089880000, 0x00000000d7380000)
  object space 64000K, 18% used [0x0000000085a00000,0x00000000865b6c28,0x0000000089880000)
 Metaspace       used 34173K, capacity 35368K, committed 35416K, reserved 1081344K
  class space    used 4318K, capacity 4590K, committed 4608K, reserved 1048576K
Event: 9.952 GC heap after
Heap after GC invocations=9 (full 2):
 PSYoungGen      total 135168K, used 0K [0x00000000d7380000, 0x00000000e0b00000, 0x0000000100000000)
  eden space 124928K, 0% used [0x00000000d7380000,0x00000000d7380000,0x00000000ded80000)
  from space 10240K, 0% used [0x00000000ded80000,0x00000000ded80000,0x00000000df780000)
  to   space 10752K, 0% used [0x00000000e0080000,0x00000000e0080000,0x00000000e0b00000)
 ParOldGen       total 95744K, used 18400K [0x0000000085a00000, 0x000000008b780000, 0x00000000d7380000)
  object space 95744K, 19% used [0x0000000085a00000,0x0000000086bf8248,0x000000008b780000)
 Metaspace       used 34171K, capacity 35362K, committed 35416K, reserved 1081344K
  class space    used 4317K, capacity 4589K, committed 4608K, reserved 1048576K
}

